1710541373163:help
1710541376537:testSowAndGrow
1710543414874:l
1710543418090:testSowAndGrow
1710552865312:help
1710552871821:version
1710552882103:stacktrace
1710552893323:testSowAndGrow
1710621745132:updateRatios
1710621766020:stacktrace
1710621845001:updateRatios
1710621853389:stacktrace
1710621902687:updateRatios
1710622969619:help
1710622975065:testSowAndGrow
1710628260515:f
1710628290301:testSowAndGrow
1710629403298:help
1710630265572:testSowAndGrow
1710636825816:stacktrace
1710636849939:testSowAndGrow
1710636908514:stacktrace
1710637050235:testSowAndGrow
1710637611945:stacktrace
1710638224333:testSowAndGrow
